<?xml version="1.0" encoding="UTF-8"?>
<!-- Generated by org.testng.reporters.JUnitReportReporter -->
<testsuite skipped="0" hostname="Admin" name="Testcases.TC001_GET_Request" tests="1" failures="0" timestamp="23 Sep 2020 16:42:21 GMT" time="4.502" errors="0">
  <testcase name="getweatherdetails" time="4.502" classname="Testcases.TC001_GET_Request"/>
</testsuite> <!-- Testcases.TC001_GET_Request -->
