<?xml version="1.0" encoding="UTF-8"?>
<!-- Generated by org.testng.reporters.JUnitReportReporter -->
<testsuite skipped="0" hostname="Admin" name="Testcases.TC002_POST_Request" tests="1" failures="0" timestamp="24 Sep 2020 17:32:25 GMT" time="7.932" errors="0">
  <testcase name="add_users" time="7.932" classname="Testcases.TC002_POST_Request"/>
</testsuite> <!-- Testcases.TC002_POST_Request -->
