<?xml version="1.0" encoding="UTF-8"?>
<!-- Generated by org.testng.reporters.JUnitReportReporter -->
<testsuite skipped="0" hostname="Admin" name="Testcases.TC006_GET_Request_Extracting_values_of_each_NodeinJson" tests="1" failures="0" timestamp="23 Sep 2020 21:12:02 GMT" time="5.542" errors="0">
  <testcase name="getweatherdetails" time="5.542" classname="Testcases.TC006_GET_Request_Extracting_values_of_each_NodeinJson"/>
</testsuite> <!-- Testcases.TC006_GET_Request_Extracting_values_of_each_NodeinJson -->
