<?xml version="1.0" encoding="UTF-8"?>
<!-- Generated by org.testng.reporters.JUnitReportReporter -->
<testsuite skipped="0" hostname="Admin" name="Testcases.TC005_GET_Request" tests="1" failures="0" timestamp="23 Sep 2020 21:08:26 GMT" time="6.097" errors="0">
  <testcase name="getweatherdetails" time="6.097" classname="Testcases.TC005_GET_Request"/>
</testsuite> <!-- Testcases.TC005_GET_Request -->
