<?xml version="1.0" encoding="UTF-8"?>
<!-- Generated by org.testng.reporters.JUnitReportReporter -->
<testsuite skipped="0" hostname="Admin" name="Testcases.TC001_GET_Request2" tests="1" failures="0" timestamp="23 Sep 2020 18:12:28 GMT" time="4.599" errors="0">
  <testcase name="getemp" time="4.599" classname="Testcases.TC001_GET_Request2"/>
</testsuite> <!-- Testcases.TC001_GET_Request2 -->
