<?xml version="1.0" encoding="UTF-8"?>
<!-- Generated by org.testng.reporters.JUnitReportReporter -->
<testsuite skipped="0" hostname="Admin" name="Testcases.TC002_POST_Request" tests="1" failures="0" timestamp="23 Sep 2020 18:29:53 GMT" time="6.235" errors="0">
  <testcase name="add_users" time="6.235" classname="Testcases.TC002_POST_Request"/>
</testsuite> <!-- Testcases.TC002_POST_Request -->
